<?xml version="1.0" encoding="UTF-8"?>
<testsuite xmlns:xsi="http://www.w3.org/2001/XMLSchema-instance" xsi:noNamespaceSchemaLocation="https://maven.apache.org/surefire/maven-surefire-plugin/xsd/surefire-test-report.xsd" version="3.0.2" name="com.orbit.orderservice.OrderServiceApplicationTests" time="3.559" tests="1" errors="0" skipped="0" failures="0" flakes="0">
  <properties>
[...]
</properties>
  <testcase name="contextLoads" classname="com.orbit.orderservice.OrderServiceApplicationTests" time="0.282">
    <system-out><![CDATA[10:45:42.393 [main] INFO org.springframework.test.context.support.AnnotationConfigContextLoaderUtils -- Could not detect default configuration classes for test class [com.orbit.orderservice.OrderServiceApplicationTests]: OrderServiceApplicationTests does not declare any static, non-private, non-final, nested classes annotated with @Configuration.
10:45:42.439 [main] INFO org.springframework.boot.test.context.SpringBootTestContextBootstrapper -- Found @SpringBootConfiguration com.orbit.orderservice.OrderServiceApplication for test class com.orbit.orderservice.OrderServiceApplicationTests
10:45:42.477 [main] INFO org.springframework.test.context.support.AnnotationConfigContextLoaderUtils -- Could not detect default configuration classes for test class [com.orbit.orderservice.OrderServiceApplicationTests]: OrderServiceApplicationTests does not declare any static, non-private, non-final, nested classes annotated with @Configuration.
10:45:42.478 [main] INFO org.springframework.boot.test.context.SpringBootTestContextBootstrapper -- Found @SpringBootConfiguration com.orbit.orderservice.OrderServiceApplication for test class com.orbit.orderservice.OrderServiceApplicationTests

  .   ____          _            __ _ _
 /\\ / ___'_ __ _ _(_)_ __  __ _ \ \ \ \
( ( )\___ | '_ | '_| | '_ \/ _` | \ \ \ \
 \\/  ___)| |_)| | | | | || (_| |  ) ) ) )
  '  |____| .__|_| |_|_| |_\__, | / / / /
 =========|_|==============|___/=/_/_/_/

 :: Spring Boot ::                (v4.1.1)

2026-09-16T10:45:42.737+05:30  INFO 39487 --- [Order-Service] [           main] c.o.o.OrderServiceApplicationTests       : Starting OrderServiceApplicationTests using Java 25.0.4 with PID 39487 (started by ankitverma in /Users/ankitverma/git/order-service/Order-Service)
2026-09-16T10:45:42.737+05:30  INFO 39487 --- [Order-Service] [           main] c.o.o.OrderServiceApplicationTests       : No active profile set, falling back to 1 default profile: "default"
2026-09-16T10:45:43.130+05:30  INFO 39487 --- [Order-Service] [           main] .s.d.r.c.RepositoryConfigurationDelegate : Bootstrapping Spring Data JPA repositories in DEFAULT mode.
2026-09-16T10:45:43.192+05:30  INFO 39487 --- [Order-Service] [           main] .s.d.r.c.RepositoryConfigurationDelegate : Finished Spring Data repository scanning in 57 ms. Found 2 JPA repository interfaces.
2026-09-16T10:45:43.329+05:30  INFO 39487 --- [Order-Service] [           main] o.s.cloud.context.scope.GenericScope     : BeanFactory id=5d101875-e675-37b8-a9c9-ad1f97a873cb
2026-09-16T10:45:43.588+05:30  INFO 39487 --- [Order-Service] [           main] org.hibernate.orm.jpa                    : HHH008540: Processing PersistenceUnitInfo [name: default]
2026-09-16T10:45:43.619+05:30  INFO 39487 --- [Order-Service] [           main] org.hibernate.orm.core                   : HHH000001: Hibernate ORM core version 7.4.5.Final
2026-09-16T10:45:43.791+05:30  INFO 39487 --- [Order-Service] [           main] o.s.o.j.p.SpringPersistenceUnitInfo      : No LoadTimeWeaver setup: ignoring JPA class transformer
2026-09-16T10:45:43.809+05:30  INFO 39487 --- [Order-Service] [           main] com.zaxxer.hikari.HikariDataSource       : HikariPool-1 - Starting...
2026-09-16T10:45:43.903+05:30  INFO 39487 --- [Order-Service] [           main] com.zaxxer.hikari.pool.HikariPool        : HikariPool-1 - Added connection org.postgresql.jdbc.PgConnection@13f7c165
2026-09-16T10:45:43.903+05:30  INFO 39487 --- [Order-Service] [           main] com.zaxxer.hikari.HikariDataSource       : HikariPool-1 - Start completed.
2026-09-16T10:45:43.939+05:30  INFO 39487 --- [Order-Service] [           main] org.hibernate.orm.connections.pooling    : HHH10001005: Database info:
	Database JDBC URL [jdbc:postgresql://localhost:5432/ecommerce]
	Database driver: PostgreSQL JDBC Driver
	Database dialect: PostgreSQLDialect
	Database version: 18.6
	Default catalog/schema: ecommerce/public
	Autocommit mode: undefined/unknown
	Isolation level: READ_COMMITTED [default READ_COMMITTED]
	JDBC fetch size: none
	Pool: DataSourceConnectionProvider
	Minimum pool size: undefined/unknown
	Maximum pool size: undefined/unknown
2026-09-16T10:45:44.357+05:30  INFO 39487 --- [Order-Service] [           main] org.hibernate.orm.core                   : HHH000489: No JTA platform available (set 'hibernate.transaction.jta.platform' to enable JTA platform integration)
Hibernate: create table order_item (id bigint generated by default as identity, price float(53), product_id bigint, quantity integer, sub_total float(53), order_id bigint, primary key (id))
Hibernate: create table orders (id bigint generated by default as identity, created_at timestamp(6), order_number bigint, status varchar(255) check ((status in ('CREATED','CONFIRMED','PROCESSING','SHIPPED','DELIVERED','CANCELLED'))), total_amount float(53), updated_at timestamp(6), user_id varchar(255), primary key (id))
Hibernate: alter table if exists order_item add constraint FKt4dc2r9nbvbujrljv3e23iibt foreign key (order_id) references orders
2026-09-16T10:45:44.407+05:30  INFO 39487 --- [Order-Service] [           main] j.LocalContainerEntityManagerFactoryBean : Initialized JPA EntityManagerFactory for persistence unit 'default'
2026-09-16T10:45:44.473+05:30  WARN 39487 --- [Order-Service] [           main] JpaBaseConfiguration$JpaWebConfiguration : spring.jpa.open-in-view is enabled by default. Therefore, database queries may be performed during view rendering. Explicitly configure spring.jpa.open-in-view to disable this warning
2026-09-16T10:45:44.543+05:30  INFO 39487 --- [Order-Service] [           main] o.s.c.openfeign.FeignClientFactoryBean   : For 'product-service' URL not provided. Will try picking an instance via load-balancing.
2026-09-16T10:45:44.659+05:30  INFO 39487 --- [Order-Service] [           main] o.s.d.j.r.query.QueryEnhancerFactories   : Hibernate is in classpath; If applicable, HQL parser will be used.
2026-09-16T10:45:45.156+05:30  WARN 39487 --- [Order-Service] [           main] .s.a.UserDetailsServiceAutoConfiguration : 

Using generated security password: 9b175d65-9675-4c6d-af33-106230f21117

This generated password is for development use only. Your security configuration must be updated before running your application in production.

2026-09-16T10:45:45.184+05:30  INFO 39487 --- [Order-Service] [           main] r$InitializeUserDetailsManagerConfigurer : Global AuthenticationManager configured with UserDetailsService bean with name inMemoryUserDetailsManager
2026-09-16T10:45:45.352+05:30  INFO 39487 --- [Order-Service] [           main] DiscoveryClientOptionalArgsConfiguration : Eureka HTTP Client uses RestClient.
2026-09-16T10:45:45.377+05:30  WARN 39487 --- [Order-Service] [           main] iguration$LoadBalancerCaffeineWarnLogger : Spring Cloud LoadBalancer is currently working with the default cache. While this cache implementation is useful for development and tests, it's recommended to use Caffeine cache in production.You can switch to using Caffeine cache, by adding it and org.springframework.cache.caffeine.CaffeineCacheManager to the classpath.
2026-09-16T10:45:45.394+05:30  INFO 39487 --- [Order-Service] [           main] o.s.c.n.eureka.InstanceInfoFactory       : Setting initial instance status as: STARTING
2026-09-16T10:45:45.405+05:30  INFO 39487 --- [Order-Service] [           main] com.netflix.discovery.DiscoveryClient    : Initializing Eureka in region us-east-1
2026-09-16T10:45:45.406+05:30  INFO 39487 --- [Order-Service] [           main] c.n.d.s.r.aws.ConfigClusterResolver      : Resolving eureka endpoints via configuration
2026-09-16T10:45:45.409+05:30  INFO 39487 --- [Order-Service] [           main] com.netflix.discovery.DiscoveryClient    : Disable delta property : false
2026-09-16T10:45:45.409+05:30  INFO 39487 --- [Order-Service] [           main] com.netflix.discovery.DiscoveryClient    : Single vip registry refresh property : null
2026-09-16T10:45:45.409+05:30  INFO 39487 --- [Order-Service] [           main] com.netflix.discovery.DiscoveryClient    : Force full registry fetch : false
2026-09-16T10:45:45.409+05:30  INFO 39487 --- [Order-Service] [           main] com.netflix.discovery.DiscoveryClient    : Application is null : false
2026-09-16T10:45:45.409+05:30  INFO 39487 --- [Order-Service] [           main] com.netflix.discovery.DiscoveryClient    : Registered Applications size is zero : true
2026-09-16T10:45:45.409+05:30  INFO 39487 --- [Order-Service] [           main] com.netflix.discovery.DiscoveryClient    : Application version is -1: true
2026-09-16T10:45:45.409+05:30  INFO 39487 --- [Order-Service] [           main] com.netflix.discovery.DiscoveryClient    : Getting all instance registry info from the eureka server
2026-09-16T10:45:45.562+05:30  INFO 39487 --- [Order-Service] [           main] com.netflix.discovery.DiscoveryClient    : The response status is 200
2026-09-16T10:45:45.563+05:30  INFO 39487 --- [Order-Service] [           main] com.netflix.discovery.DiscoveryClient    : Starting heartbeat executor: renew interval is: 30
2026-09-16T10:45:45.563+05:30  INFO 39487 --- [Order-Service] [           main] c.n.discovery.InstanceInfoReplicator     : InstanceInfoReplicator onDemand update allowed rate per min is 4
2026-09-16T10:45:45.564+05:30  INFO 39487 --- [Order-Service] [           main] com.netflix.discovery.DiscoveryClient    : Discovery Client initialized at timestamp 1789535745564 with initial instances count: 5
2026-09-16T10:45:45.570+05:30  INFO 39487 --- [Order-Service] [           main] o.s.c.n.e.s.EurekaServiceRegistry        : Registering application ORDER-SERVICE with eureka with status UP
2026-09-16T10:45:45.570+05:30  INFO 39487 --- [Order-Service] [           main] com.netflix.discovery.DiscoveryClient    : Saw local status change event StatusChangeEvent [timestamp=1789535745570, current=UP, previous=STARTING]
2026-09-16T10:45:45.571+05:30  INFO 39487 --- [Order-Service] [foReplicator-%d] com.netflix.discovery.DiscoveryClient    : DiscoveryClient_ORDER-SERVICE/192.168.0.8:Order-Service:8083: registering service...
2026-09-16T10:45:45.579+05:30  INFO 39487 --- [Order-Service] [           main] c.o.o.OrderServiceApplicationTests       : Started OrderServiceApplicationTests in 2.956 seconds (process running for 3.566)
2026-09-16T10:45:45.587+05:30  INFO 39487 --- [Order-Service] [foReplicator-%d] com.netflix.discovery.DiscoveryClient    : DiscoveryClient_ORDER-SERVICE/192.168.0.8:Order-Service:8083 - registration status: 204
]]></system-out>
    <system-err><![CDATA[Mockito is currently self-attaching to enable the inline-mock-maker. This will no longer work in future releases of the JDK. Please add Mockito as an agent to your build as described in Mockito's documentation: https://javadoc.io/doc/org.mockito/mockito-core/latest/org.mockito/org/mockito/Mockito.html#0.3
WARNING: A Java agent has been loaded dynamically (/Users/ankitverma/.m2/repository/net/bytebuddy/byte-buddy-agent/1.18.11/byte-buddy-agent-1.18.11.jar)
WARNING: If a serviceability tool is in use, please run with -XX:+EnableDynamicAgentLoading to hide this warning
WARNING: If a serviceability tool is not in use, please run with -Djdk.instrument.traceUsage for more information
WARNING: Dynamic loading of agents will be disallowed by default in a future release
]]></system-err>
  </testcase>
</testsuite>